  pch.cpp
  dllmain.cpp
  myDll.cpp
D:\KF\vs\Bag\gdal+opencv\gdal+opencv\gdal3.01\include\ogr_featurestyle.h(89,15): warning C4251: “OGRStyleTable::osLastRequestedStyleName”: class“CPLString”需要有 dll 接口由 class“OGRStyleTable”的客户端使用
D:\KF\vs\Bag\gdal+opencv\gdal+opencv\gdal3.01\include\cpl_string.h(329): message : 参见“CPLString”的声明
D:\KF\vs\Bag\gdal+opencv\gdal+opencv\gdal3.01\include\cpl_json.h(153,17): warning C4251: “CPLJSONObject::m_osKey”: class“std::basic_string<char,std::char_traits<char>,std::allocator<char>>”需要有 dll 接口由 class“CPLJSONObject”的客户端使用
D:\KF\vs\Professional\VC\Tools\MSVC\14.29.30133\include\xstring(4905): message : 参见“std::basic_string<char,std::char_traits<char>,std::allocator<char>>”的声明
D:\KF\vs\Bag\gdal+opencv\gdal+opencv\gdal3.01\include\ogr_spatialref.h(129,29): warning C4251: “OGR_SRSNode::m_listener”: class“std::weak_ptr<OGR_SRSNode::Listener>”需要有 dll 接口由 class“OGR_SRSNode”的客户端使用
D:\KF\vs\Bag\gdal+opencv\gdal+opencv\gdal3.01\include\ogr_spatialref.h(129): message : 参见“std::weak_ptr<OGR_SRSNode::Listener>”的声明
D:\KF\vs\Bag\gdal+opencv\gdal+opencv\gdal3.01\include\ogr_spatialref.h(159,30): warning C4251: “OGRSpatialReference::d”: class“std::unique_ptr<OGRSpatialReference::Private,std::default_delete<OGRSpatialReference::Private>>”需要有 dll 接口由 class“OGRSpatialReference”的客户端使用
D:\KF\vs\Bag\gdal+opencv\gdal+opencv\gdal3.01\include\ogr_spatialref.h(159): message : 参见“std::unique_ptr<OGRSpatialReference::Private,std::default_delete<OGRSpatialReference::Private>>”的声明
D:\KF\vs\Bag\gdal+opencv\gdal+opencv\gdal3.01\include\ogr_spatialref.h(776,30): warning C4251: “OGRCoordinateTransformationOptions::d”: class“std::unique_ptr<OGRCoordinateTransformationOptions::Private,std::default_delete<OGRCoordinateTransformationOptions::Private>>”需要有 dll 接口由 struct“OGRCoordinateTransformationOptions”的客户端使用
D:\KF\vs\Bag\gdal+opencv\gdal+opencv\gdal3.01\include\ogr_spatialref.h(776): message : 参见“std::unique_ptr<OGRCoordinateTransformationOptions::Private,std::default_delete<OGRCoordinateTransformationOptions::Private>>”的声明
D:\KF\vs\Bag\gdal+opencv\gdal+opencv\gdal3.01\include\ogr_geometry.h(948,42): warning C4251: “OGRCurve::ConstIterator::m_poPrivate”: class“std::unique_ptr<OGRCurve::ConstIterator::Private,std::default_delete<OGRCurve::ConstIterator::Private>>”需要有 dll 接口由 class“OGRCurve::ConstIterator”的客户端使用
D:\KF\vs\Bag\gdal+opencv\gdal+opencv\gdal3.01\include\ogr_geometry.h(948): message : 参见“std::unique_ptr<OGRCurve::ConstIterator::Private,std::default_delete<OGRCurve::ConstIterator::Private>>”的声明
D:\KF\vs\Bag\gdal+opencv\gdal+opencv\gdal3.01\include\ogr_geometry.h(1067,42): warning C4251: “OGRSimpleCurve::Iterator::m_poPrivate”: class“std::unique_ptr<OGRSimpleCurve::Iterator::Private,std::default_delete<OGRSimpleCurve::Iterator::Private>>”需要有 dll 接口由 class“OGRSimpleCurve::Iterator”的客户端使用
D:\KF\vs\Bag\gdal+opencv\gdal+opencv\gdal3.01\include\ogr_geometry.h(1067): message : 参见“std::unique_ptr<OGRSimpleCurve::Iterator::Private,std::default_delete<OGRSimpleCurve::Iterator::Private>>”的声明
D:\KF\vs\Bag\gdal+opencv\gdal+opencv\gdal3.01\include\ogr_geometry.h(1084,42): warning C4251: “OGRSimpleCurve::ConstIterator::m_poPrivate”: class“std::unique_ptr<OGRSimpleCurve::ConstIterator::Private,std::default_delete<OGRSimpleCurve::ConstIterator::Private>>”需要有 dll 接口由 class“OGRSimpleCurve::ConstIterator”的客户端使用
D:\KF\vs\Bag\gdal+opencv\gdal+opencv\gdal3.01\include\ogr_geometry.h(1084): message : 参见“std::unique_ptr<OGRSimpleCurve::ConstIterator::Private,std::default_delete<OGRSimpleCurve::ConstIterator::Private>>”的声明
D:\KF\vs\Bag\gdal+opencv\gdal+opencv\gdal3.01\include\ogr_geometry.h(2883,34): warning C4251: “OGRGeometryFactory::TransformWithOptionsCache::d”: class“std::unique_ptr<OGRGeometryFactory::TransformWithOptionsCache::Private,std::default_delete<OGRGeometryFactory::TransformWithOptionsCache::Private>>”需要有 dll 接口由 class“OGRGeometryFactory::TransformWithOptionsCache”的客户端使用
D:\KF\vs\Bag\gdal+opencv\gdal+opencv\gdal3.01\include\ogr_geometry.h(2883): message : 参见“std::unique_ptr<OGRGeometryFactory::TransformWithOptionsCache::Private,std::default_delete<OGRGeometryFactory::TransformWithOptionsCache::Private>>”的声明
D:\KF\vs\Bag\gdal+opencv\gdal+opencv\gdal3.01\include\ogr_feature.h(385,34): warning C4251: “OGRFeature::FieldValue::m_poPrivate”: class“std::unique_ptr<OGRFeature::FieldValue::Private,std::default_delete<OGRFeature::FieldValue::Private>>”需要有 dll 接口由 class“OGRFeature::FieldValue”的客户端使用
D:\KF\vs\Bag\gdal+opencv\gdal+opencv\gdal3.01\include\ogr_feature.h(385): message : 参见“std::unique_ptr<OGRFeature::FieldValue::Private,std::default_delete<OGRFeature::FieldValue::Private>>”的声明
D:\KF\vs\Bag\gdal+opencv\gdal+opencv\gdal3.01\include\ogr_feature.h(528,34): warning C4251: “OGRFeature::ConstFieldIterator::m_poPrivate”: class“std::unique_ptr<OGRFeature::ConstFieldIterator::Private,std::default_delete<OGRFeature::ConstFieldIterator::Private>>”需要有 dll 接口由 class“OGRFeature::ConstFieldIterator”的客户端使用
D:\KF\vs\Bag\gdal+opencv\gdal+opencv\gdal3.01\include\ogr_feature.h(528): message : 参见“std::unique_ptr<OGRFeature::ConstFieldIterator::Private,std::default_delete<OGRFeature::ConstFieldIterator::Private>>”的声明
D:\KF\vs\Bag\gdal+opencv\gdal+opencv\gdal3.01\include\gdal_priv.h(137,25): warning C4251: “GDALMajorObject::sDescription”: class“CPLString”需要有 dll 接口由 class“GDALMajorObject”的客户端使用
D:\KF\vs\Bag\gdal+opencv\gdal+opencv\gdal3.01\include\cpl_string.h(329): message : 参见“CPLString”的声明
D:\KF\vs\Bag\gdal+opencv\gdal+opencv\gdal3.01\include\gdal_priv.h(190,17): warning C4251: “GDALDefaultOverviews::osOvrFilename”: class“CPLString”需要有 dll 接口由 class“GDALDefaultOverviews”的客户端使用
D:\KF\vs\Bag\gdal+opencv\gdal+opencv\gdal3.01\include\cpl_string.h(329): message : 参见“CPLString”的声明
D:\KF\vs\Bag\gdal+opencv\gdal+opencv\gdal3.01\include\gdal_priv.h(473,42): warning C4251: “GDALDataset::Bands::Iterator::m_poPrivate”: class“std::unique_ptr<GDALDataset::Bands::Iterator::Private,std::default_delete<GDALDataset::Bands::Iterator::Private>>”需要有 dll 接口由 class“GDALDataset::Bands::Iterator”的客户端使用
D:\KF\vs\Bag\gdal+opencv\gdal+opencv\gdal3.01\include\gdal_priv.h(473): message : 参见“std::unique_ptr<GDALDataset::Bands::Iterator::Private,std::default_delete<GDALDataset::Bands::Iterator::Private>>”的声明
D:\KF\vs\Bag\gdal+opencv\gdal+opencv\gdal3.01\include\gdal_priv.h(669,42): warning C4251: “GDALDataset::Layers::Iterator::m_poPrivate”: class“std::unique_ptr<GDALDataset::Layers::Iterator::Private,std::default_delete<GDALDataset::Layers::Iterator::Private>>”需要有 dll 接口由 class“GDALDataset::Layers::Iterator”的客户端使用
D:\KF\vs\Bag\gdal+opencv\gdal+opencv\gdal3.01\include\gdal_priv.h(669): message : 参见“std::unique_ptr<GDALDataset::Layers::Iterator::Private,std::default_delete<GDALDataset::Layers::Iterator::Private>>”的声明
D:\KF\vs\Bag\gdal+opencv\gdal+opencv\gdal3.01\include\gdal_priv.h(727,42): warning C4251: “GDALDataset::Features::Iterator::m_poPrivate”: class“std::unique_ptr<GDALDataset::Features::Iterator::Private,std::default_delete<GDALDataset::Features::Iterator::Private>>”需要有 dll 接口由 class“GDALDataset::Features::Iterator”的客户端使用
D:\KF\vs\Bag\gdal+opencv\gdal+opencv\gdal3.01\include\gdal_priv.h(727): message : 参见“std::unique_ptr<GDALDataset::Features::Iterator::Private,std::default_delete<GDALDataset::Features::Iterator::Private>>”的声明
D:\KF\vs\Bag\gdal+opencv\gdal+opencv\gdal3.01\include\gdal_priv.h(968,33): warning C4251: “GDALColorTable::aoEntries”: class“std::vector<GDALColorEntry,std::allocator<GDALColorEntry>>”需要有 dll 接口由 class“GDALColorTable”的客户端使用
D:\KF\vs\Bag\gdal+opencv\gdal+opencv\gdal3.01\include\gdal_priv.h(968): message : 参见“std::vector<GDALColorEntry,std::allocator<GDALColorEntry>>”的声明
D:\KF\vs\Bag\gdal+opencv\gdal+opencv\gdal3.01\include\gdal_priv.h(1556,38): warning C4251: “GDALDriverManager::oMapNameToDrivers”: class“std::map<CPLString,GDALDriver *,std::less<CPLString>,std::allocator<std::pair<const CPLString,GDALDriver *>>>”需要有 dll 接口由 class“GDALDriverManager”的客户端使用
D:\KF\vs\Bag\gdal+opencv\gdal+opencv\gdal3.01\include\gdal_priv.h(1556): message : 参见“std::map<CPLString,GDALDriver *,std::less<CPLString>,std::allocator<std::pair<const CPLString,GDALDriver *>>>”的声明
D:\KF\vs\Workplace\svm测试版\C#动态调用C++DLL\myDll\myDll\myDll.cpp(26,2): warning C4091: “static ”: 没有声明变量时忽略“allsample”的左侧
D:\KF\vs\Workplace\svm测试版\C#动态调用C++DLL\myDll\myDll\myDll.cpp(35,2): warning C4091: “static ”: 没有声明变量时忽略“tiffdata”的左侧
D:\KF\vs\Workplace\svm测试版\C#动态调用C++DLL\myDll\myDll\myDll.cpp(40,2): warning C4091: “static ”: 没有声明变量时忽略“tiffdata1”的左侧
D:\KF\vs\Workplace\svm测试版\C#动态调用C++DLL\myDll\myDll\myDll.cpp(280,32): warning C4267: “初始化”: 从“size_t”转换到“int”，可能丢失数据
D:\KF\vs\Workplace\svm测试版\C#动态调用C++DLL\myDll\myDll\myDll.cpp(281,35): warning C4267: “初始化”: 从“size_t”转换到“int”，可能丢失数据
D:\KF\vs\Workplace\svm测试版\C#动态调用C++DLL\myDll\myDll\myDll.cpp(294,58): warning C4244: “=”: 从“_Ty”转换到“_Tp”，可能丢失数据
          with
          [
              _Ty=int
          ]
          and
          [
              _Tp=float
          ]
D:\KF\vs\Workplace\svm测试版\C#动态调用C++DLL\myDll\myDll\myDll.cpp(312,16): warning C4244: “初始化”: 从“float”转换到“int”，可能丢失数据
  正在生成代码...
    正在创建库 D:\KF\vs\Workplace\svm测试版\C#动态调用C++DLL\myDll\x64\Debug\myDll.lib 和对象 D:\KF\vs\Workplace\svm测试版\C#动态调用C++DLL\myDll\x64\Debug\myDll.exp
  myDll.vcxproj -> D:\KF\vs\Workplace\svm测试版\C#动态调用C++DLL\myDll\x64\Debug\myDll.dll
